{"D:\\GarageNodeTs\\src\\index.ts": {"path":"D:\\GarageNodeTs\\src\\index.ts","statementMap":{"0":{"start":{"line":1,"column":0},"end":{"line":1,"column":47}},"1":{"start":{"line":2,"column":0},"end":{"line":2,"column":41}},"2":{"start":{"line":3,"column":0},"end":{"line":3,"column":30}},"3":{"start":{"line":4,"column":0},"end":{"line":4,"column":32}},"4":{"start":{"line":5,"column":0},"end":{"line":5,"column":37}},"5":{"start":{"line":9,"column":4},"end":{"line":9,"column":21}},"6":{"start":{"line":10,"column":4},"end":{"line":10,"column":24}},"7":{"start":{"line":11,"column":4},"end":{"line":11,"column":20}},"8":{"start":{"line":15,"column":37},"end":{"line":17,"column":6}},"9":{"start":{"line":19,"column":4},"end":{"line":19,"column":31}},"10":{"start":{"line":20,"column":4},"end":{"line":20,"column":28}},"11":{"start":{"line":21,"column":4},"end":{"line":21,"column":52}},"12":{"start":{"line":22,"column":4},"end":{"line":22,"column":31}},"13":{"start":{"line":23,"column":4},"end":{"line":23,"column":55}},"14":{"start":{"line":30,"column":21},"end":{"line":30,"column":56}},"15":{"start":{"line":32,"column":20},"end":{"line":40,"column":6}},"16":{"start":{"line":32,"column":31},"end":{"line":40,"column":6}},"17":{"start":{"line":33,"column":6},"end":{"line":39,"column":11}},"18":{"start":{"line":35,"column":20},"end":{"line":35,"column":70}},"19":{"start":{"line":37,"column":10},"end":{"line":37,"column":71}},"20":{"start":{"line":38,"column":10},"end":{"line":38,"column":33}},"21":{"start":{"line":43,"column":4},"end":{"line":43,"column":14}},"22":{"start":{"line":44,"column":4},"end":{"line":46,"column":7}},"23":{"start":{"line":45,"column":6},"end":{"line":45,"column":37}},"24":{"start":{"line":51,"column":4},"end":{"line":51,"column":32}},"25":{"start":{"line":7,"column":0},"end":{"line":7,"column":21}}},"fnMap":{"0":{"name":"(anonymous_8)","decl":{"start":{"line":8,"column":2},"end":{"line":8,"column":14}},"loc":{"start":{"line":8,"column":30},"end":{"line":12,"column":3}}},"1":{"name":"(anonymous_9)","decl":{"start":{"line":14,"column":10},"end":{"line":14,"column":16}},"loc":{"start":{"line":14,"column":33},"end":{"line":24,"column":3}}},"2":{"name":"(anonymous_10)","decl":{"start":{"line":27,"column":9},"end":{"line":27,"column":21}},"loc":{"start":{"line":27,"column":21},"end":{"line":47,"column":3}}},"3":{"name":"(anonymous_11)","decl":{"start":{"line":32,"column":20},"end":{"line":32,"column":29}},"loc":{"start":{"line":32,"column":31},"end":{"line":40,"column":6}}},"4":{"name":"(anonymous_12)","decl":{"start":{"line":32,"column":31},"end":{"line":32,"column":null}},"loc":{"start":{"line":32,"column":31},"end":{"line":40,"column":5}}},"5":{"name":"(anonymous_13)","decl":{"start":{"line":35,"column":14},"end":{"line":35,"column":17}},"loc":{"start":{"line":35,"column":20},"end":{"line":35,"column":70}}},"6":{"name":"(anonymous_14)","decl":{"start":{"line":36,"column":15},"end":{"line":36,"column":16}},"loc":{"start":{"line":36,"column":25},"end":{"line":39,"column":9}}},"7":{"name":"(anonymous_15)","decl":{"start":{"line":44,"column":43},"end":{"line":44,"column":46}},"loc":{"start":{"line":44,"column":48},"end":{"line":46,"column":5}}},"8":{"name":"(anonymous_16)","decl":{"start":{"line":49,"column":9},"end":{"line":49,"column":24}},"loc":{"start":{"line":49,"column":24},"end":{"line":52,"column":3}}}},"branchMap":{},"s":{"0":1,"1":1,"2":1,"3":1,"4":1,"5":1,"6":1,"7":1,"8":1,"9":1,"10":1,"11":1,"12":1,"13":1,"14":1,"15":1,"16":1,"17":1,"18":1,"19":0,"20":0,"21":1,"22":1,"23":0,"24":0,"25":1},"f":{"0":1,"1":1,"2":1,"3":1,"4":1,"5":1,"6":0,"7":0,"8":0},"b":{}}
,"D:\\GarageNodeTs\\src\\server.ts": {"path":"D:\\GarageNodeTs\\src\\server.ts","statementMap":{"0":{"start":{"line":1,"column":0},"end":{"line":1,"column":47}},"1":{"start":{"line":2,"column":0},"end":{"line":2,"column":29}},"2":{"start":{"line":4,"column":25},"end":{"line":4,"column":34}},"3":{"start":{"line":5,"column":23},"end":{"line":5,"column":38}},"4":{"start":{"line":6,"column":21},"end":{"line":6,"column":77}},"5":{"start":{"line":8,"column":0},"end":{"line":18,"column":5}},"6":{"start":{"line":10,"column":4},"end":{"line":10,"column":54}},"7":{"start":{"line":13,"column":4},"end":{"line":17,"column":5}},"8":{"start":{"line":14,"column":6},"end":{"line":14,"column":51}},"9":{"start":{"line":16,"column":6},"end":{"line":16,"column":23}}},"fnMap":{"0":{"name":"(anonymous_1)","decl":{"start":{"line":9,"column":29},"end":{"line":9,"column":null}},"loc":{"start":{"line":9,"column":29},"end":{"line":11,"column":3}}},"1":{"name":"(anonymous_2)","decl":{"start":{"line":12,"column":15},"end":{"line":12,"column":16}},"loc":{"start":{"line":12,"column":28},"end":{"line":18,"column":3}}}},"branchMap":{"0":{"loc":{"start":{"line":6,"column":21},"end":{"line":6,"column":77}},"type":"cond-expr","locations":[{"start":{"line":6,"column":40},"end":{"line":6,"column":70}},{"start":{"line":6,"column":73},"end":{"line":6,"column":77}}]},"1":{"loc":{"start":{"line":13,"column":4},"end":{"line":17,"column":5}},"type":"if","locations":[{"start":{"line":13,"column":4},"end":{"line":17,"column":5}},{"start":{"line":15,"column":11},"end":{"line":17,"column":5}}]}},"s":{"0":0,"1":0,"2":0,"3":0,"4":0,"5":0,"6":0,"7":0,"8":0,"9":0},"f":{"0":0,"1":0},"b":{"0":[0,0],"1":[0,0]}}
,"D:\\GarageNodeTs\\src\\config\\index.ts": {"path":"D:\\GarageNodeTs\\src\\config\\index.ts","statementMap":{"0":{"start":{"line":1,"column":13},"end":{"line":1,"column":136}}},"fnMap":{},"branchMap":{},"s":{"0":1},"f":{},"b":{}}
,"D:\\GarageNodeTs\\src\\controllers\\garage.controller.ts": {"path":"D:\\GarageNodeTs\\src\\controllers\\garage.controller.ts","statementMap":{"0":{"start":{"line":2,"column":0},"end":{"line":2,"column":46}},"1":{"start":{"line":3,"column":0},"end":{"line":3,"column":26}},"2":{"start":{"line":5,"column":0},"end":{"line":5,"column":41}},"3":{"start":{"line":6,"column":0},"end":{"line":6,"column":31}},"4":{"start":{"line":12,"column":12},"end":{"line":26,"column":13}},"5":{"start":{"line":13,"column":35},"end":{"line":13,"column":58}},"6":{"start":{"line":14,"column":16},"end":{"line":22,"column":17}},"7":{"start":{"line":15,"column":20},"end":{"line":15,"column":53}},"8":{"start":{"line":17,"column":20},"end":{"line":21,"column":22}},"9":{"start":{"line":24,"column":16},"end":{"line":24,"column":33}},"10":{"start":{"line":25,"column":16},"end":{"line":25,"column":26}},"11":{"start":{"line":31,"column":8},"end":{"line":40,"column":9}},"12":{"start":{"line":32,"column":28},"end":{"line":32,"column":44}},"13":{"start":{"line":33,"column":12},"end":{"line":33,"column":91}},"14":{"start":{"line":36,"column":12},"end":{"line":36,"column":29}},"15":{"start":{"line":37,"column":12},"end":{"line":39,"column":15}},"16":{"start":{"line":44,"column":8},"end":{"line":66,"column":9}},"17":{"start":{"line":45,"column":28},"end":{"line":45,"column":44}},"18":{"start":{"line":46,"column":28},"end":{"line":46,"column":55}},"19":{"start":{"line":49,"column":31},"end":{"line":49,"column":54}},"20":{"start":{"line":51,"column":12},"end":{"line":55,"column":16}},"21":{"start":{"line":51,"column":72},"end":{"line":55,"column":14}},"22":{"start":{"line":52,"column":28},"end":{"line":52,"column":75}},"23":{"start":{"line":52,"column":54},"end":{"line":52,"column":74}},"24":{"start":{"line":53,"column":16},"end":{"line":54,"column":60}},"25":{"start":{"line":54,"column":20},"end":{"line":54,"column":60}},"26":{"start":{"line":57,"column":12},"end":{"line":59,"column":15}},"27":{"start":{"line":62,"column":12},"end":{"line":62,"column":29}},"28":{"start":{"line":63,"column":12},"end":{"line":65,"column":15}},"29":{"start":{"line":70,"column":8},"end":{"line":87,"column":9}},"30":{"start":{"line":71,"column":31},"end":{"line":71,"column":39}},"31":{"start":{"line":72,"column":30},"end":{"line":72,"column":73}},"32":{"start":{"line":73,"column":12},"end":{"line":83,"column":13}},"33":{"start":{"line":74,"column":16},"end":{"line":76,"column":19}},"34":{"start":{"line":78,"column":16},"end":{"line":82,"column":18}},"35":{"start":{"line":85,"column":12},"end":{"line":85,"column":29}},"36":{"start":{"line":86,"column":12},"end":{"line":86,"column":22}},"37":{"start":{"line":91,"column":8},"end":{"line":100,"column":9}},"38":{"start":{"line":92,"column":12},"end":{"line":95,"column":15}},"39":{"start":{"line":97,"column":12},"end":{"line":99,"column":15}},"40":{"start":{"line":104,"column":8},"end":{"line":112,"column":9}},"41":{"start":{"line":105,"column":12},"end":{"line":107,"column":15}},"42":{"start":{"line":109,"column":12},"end":{"line":111,"column":15}},"43":{"start":{"line":116,"column":8},"end":{"line":125,"column":9}},"44":{"start":{"line":117,"column":12},"end":{"line":120,"column":15}},"45":{"start":{"line":122,"column":12},"end":{"line":124,"column":15}},"46":{"start":{"line":129,"column":8},"end":{"line":139,"column":9}},"47":{"start":{"line":130,"column":12},"end":{"line":134,"column":15}},"48":{"start":{"line":136,"column":12},"end":{"line":138,"column":15}},"49":{"start":{"line":143,"column":8},"end":{"line":152,"column":9}},"50":{"start":{"line":144,"column":12},"end":{"line":147,"column":15}},"51":{"start":{"line":149,"column":12},"end":{"line":151,"column":15}},"52":{"start":{"line":9,"column":0},"end":{"line":9,"column":21}}},"fnMap":{"0":{"name":"(anonymous_8)","decl":{"start":{"line":10,"column":10},"end":{"line":10,"column":23}},"loc":{"start":{"line":10,"column":71},"end":{"line":28,"column":null}}},"1":{"name":"(anonymous_10)","decl":{"start":{"line":30,"column":10},"end":{"line":30,"column":26}},"loc":{"start":{"line":30,"column":74},"end":{"line":41,"column":null}}},"2":{"name":"(anonymous_12)","decl":{"start":{"line":43,"column":10},"end":{"line":43,"column":26}},"loc":{"start":{"line":43,"column":74},"end":{"line":67,"column":null}}},"3":{"name":"(anonymous_14)","decl":{"start":{"line":51,"column":42},"end":{"line":51,"column":49}},"loc":{"start":{"line":51,"column":72},"end":{"line":55,"column":14}}},"4":{"name":"(anonymous_15)","decl":{"start":{"line":51,"column":72},"end":{"line":51,"column":null}},"loc":{"start":{"line":51,"column":72},"end":{"line":55,"column":13}}},"5":{"name":"(anonymous_16)","decl":{"start":{"line":52,"column":49},"end":{"line":52,"column":50}},"loc":{"start":{"line":52,"column":54},"end":{"line":52,"column":74}}},"6":{"name":"(anonymous_17)","decl":{"start":{"line":69,"column":10},"end":{"line":69,"column":22}},"loc":{"start":{"line":69,"column":70},"end":{"line":88,"column":6}}},"7":{"name":"(anonymous_19)","decl":{"start":{"line":90,"column":10},"end":{"line":90,"column":16}},"loc":{"start":{"line":90,"column":44},"end":{"line":101,"column":null}}},"8":{"name":"(anonymous_21)","decl":{"start":{"line":103,"column":10},"end":{"line":103,"column":17}},"loc":{"start":{"line":103,"column":45},"end":{"line":113,"column":null}}},"9":{"name":"(anonymous_23)","decl":{"start":{"line":115,"column":10},"end":{"line":115,"column":17}},"loc":{"start":{"line":115,"column":45},"end":{"line":126,"column":null}}},"10":{"name":"(anonymous_25)","decl":{"start":{"line":128,"column":10},"end":{"line":128,"column":16}},"loc":{"start":{"line":128,"column":44},"end":{"line":140,"column":null}}},"11":{"name":"(anonymous_27)","decl":{"start":{"line":142,"column":10},"end":{"line":142,"column":16}},"loc":{"start":{"line":142,"column":44},"end":{"line":153,"column":null}}}},"branchMap":{"0":{"loc":{"start":{"line":14,"column":16},"end":{"line":22,"column":17}},"type":"if","locations":[{"start":{"line":14,"column":16},"end":{"line":22,"column":17}},{"start":{"line":16,"column":23},"end":{"line":22,"column":17}}]},"1":{"loc":{"start":{"line":53,"column":16},"end":{"line":54,"column":60}},"type":"if","locations":[{"start":{"line":53,"column":16},"end":{"line":54,"column":60}}]},"2":{"loc":{"start":{"line":73,"column":12},"end":{"line":83,"column":13}},"type":"if","locations":[{"start":{"line":73,"column":12},"end":{"line":83,"column":13}},{"start":{"line":77,"column":19},"end":{"line":83,"column":13}}]}},"s":{"0":1,"1":1,"2":1,"3":1,"4":1,"5":1,"6":1,"7":1,"8":0,"9":0,"10":0,"11":1,"12":1,"13":1,"14":0,"15":0,"16":1,"17":1,"18":1,"19":1,"20":1,"21":5,"22":5,"23":40,"24":5,"25":5,"26":1,"27":0,"28":0,"29":1,"30":1,"31":1,"32":1,"33":1,"34":0,"35":0,"36":0,"37":0,"38":0,"39":0,"40":0,"41":0,"42":0,"43":0,"44":0,"45":0,"46":0,"47":0,"48":0,"49":0,"50":0,"51":0,"52":1},"f":{"0":1,"1":1,"2":1,"3":5,"4":5,"5":40,"6":1,"7":0,"8":0,"9":0,"10":0,"11":0},"b":{"0":[1,0],"1":[5],"2":[1,0]}}
,"D:\\GarageNodeTs\\src\\controllers\\home.controller.ts": {"path":"D:\\GarageNodeTs\\src\\controllers\\home.controller.ts","statementMap":{"0":{"start":{"line":5,"column":5},"end":{"line":5,"column":63}},"1":{"start":{"line":3,"column":0},"end":{"line":3,"column":21}}},"fnMap":{"0":{"name":"(anonymous_7)","decl":{"start":{"line":4,"column":9},"end":{"line":4,"column":16}},"loc":{"start":{"line":4,"column":44},"end":{"line":6,"column":null}}}},"branchMap":{},"s":{"0":0,"1":1},"f":{"0":0},"b":{}}
,"D:\\GarageNodeTs\\src\\controllers\\tutorial.controller.ts": {"path":"D:\\GarageNodeTs\\src\\controllers\\tutorial.controller.ts","statementMap":{"0":{"start":{"line":5,"column":4},"end":{"line":14,"column":5}},"1":{"start":{"line":6,"column":6},"end":{"line":9,"column":9}},"2":{"start":{"line":11,"column":6},"end":{"line":13,"column":9}},"3":{"start":{"line":18,"column":4},"end":{"line":26,"column":5}},"4":{"start":{"line":19,"column":6},"end":{"line":21,"column":9}},"5":{"start":{"line":23,"column":6},"end":{"line":25,"column":9}},"6":{"start":{"line":30,"column":4},"end":{"line":39,"column":5}},"7":{"start":{"line":31,"column":6},"end":{"line":34,"column":9}},"8":{"start":{"line":36,"column":6},"end":{"line":38,"column":9}},"9":{"start":{"line":43,"column":4},"end":{"line":53,"column":5}},"10":{"start":{"line":44,"column":6},"end":{"line":48,"column":9}},"11":{"start":{"line":50,"column":6},"end":{"line":52,"column":9}},"12":{"start":{"line":57,"column":4},"end":{"line":66,"column":5}},"13":{"start":{"line":58,"column":6},"end":{"line":61,"column":9}},"14":{"start":{"line":63,"column":6},"end":{"line":65,"column":9}},"15":{"start":{"line":3,"column":0},"end":{"line":3,"column":21}}},"fnMap":{"0":{"name":"(anonymous_7)","decl":{"start":{"line":4,"column":8},"end":{"line":4,"column":14}},"loc":{"start":{"line":4,"column":42},"end":{"line":15,"column":null}}},"1":{"name":"(anonymous_9)","decl":{"start":{"line":17,"column":8},"end":{"line":17,"column":15}},"loc":{"start":{"line":17,"column":43},"end":{"line":27,"column":null}}},"2":{"name":"(anonymous_11)","decl":{"start":{"line":29,"column":8},"end":{"line":29,"column":15}},"loc":{"start":{"line":29,"column":43},"end":{"line":40,"column":null}}},"3":{"name":"(anonymous_13)","decl":{"start":{"line":42,"column":8},"end":{"line":42,"column":14}},"loc":{"start":{"line":42,"column":42},"end":{"line":54,"column":null}}},"4":{"name":"(anonymous_15)","decl":{"start":{"line":56,"column":8},"end":{"line":56,"column":14}},"loc":{"start":{"line":56,"column":42},"end":{"line":67,"column":null}}}},"branchMap":{},"s":{"0":0,"1":0,"2":0,"3":0,"4":0,"5":0,"6":0,"7":0,"8":0,"9":0,"10":0,"11":0,"12":0,"13":0,"14":0,"15":1},"f":{"0":0,"1":0,"2":0,"3":0,"4":0},"b":{}}
,"D:\\GarageNodeTs\\src\\models\\GarageItem.ts": {"path":"D:\\GarageNodeTs\\src\\models\\GarageItem.ts","statementMap":{"0":{"start":{"line":1,"column":0},"end":{"line":1,"column":44}},"1":{"start":{"line":4,"column":33},"end":{"line":63,"column":null}},"2":{"start":{"line":65,"column":19},"end":{"line":65,"column":74}},"3":{"start":{"line":66,"column":0},"end":{"line":66,"column":26}}},"fnMap":{},"branchMap":{},"s":{"0":1,"1":1,"2":1,"3":1},"f":{},"b":{}}
,"D:\\GarageNodeTs\\src\\routes\\garage.routes.ts": {"path":"D:\\GarageNodeTs\\src\\routes\\garage.routes.ts","statementMap":{"0":{"start":{"line":1,"column":0},"end":{"line":1,"column":33}},"1":{"start":{"line":2,"column":0},"end":{"line":2,"column":64}},"2":{"start":{"line":5,"column":4},"end":{"line":5,"column":22}},"3":{"start":{"line":6,"column":4},"end":{"line":6,"column":40}},"4":{"start":{"line":9,"column":8},"end":{"line":9,"column":31}},"5":{"start":{"line":14,"column":8},"end":{"line":14,"column":60}},"6":{"start":{"line":18,"column":8},"end":{"line":18,"column":63}},"7":{"start":{"line":21,"column":8},"end":{"line":21,"column":73}},"8":{"start":{"line":24,"column":8},"end":{"line":24,"column":70}},"9":{"start":{"line":37,"column":0},"end":{"line":37,"column":41}}},"fnMap":{"0":{"name":"(anonymous_1)","decl":{"start":{"line":8,"column":4},"end":{"line":8,"column":null}},"loc":{"start":{"line":8,"column":4},"end":{"line":10,"column":5}}},"1":{"name":"(anonymous_2)","decl":{"start":{"line":12,"column":4},"end":{"line":12,"column":19}},"loc":{"start":{"line":12,"column":19},"end":{"line":34,"column":5}}}},"branchMap":{},"s":{"0":1,"1":1,"2":1,"3":1,"4":1,"5":1,"6":1,"7":1,"8":1,"9":1},"f":{"0":1,"1":1},"b":{}}
,"D:\\GarageNodeTs\\src\\routes\\home.routes.ts": {"path":"D:\\GarageNodeTs\\src\\routes\\home.routes.ts","statementMap":{"0":{"start":{"line":1,"column":0},"end":{"line":1,"column":33}},"1":{"start":{"line":2,"column":0},"end":{"line":2,"column":60}},"2":{"start":{"line":5,"column":2},"end":{"line":5,"column":20}},"3":{"start":{"line":6,"column":2},"end":{"line":6,"column":36}},"4":{"start":{"line":9,"column":4},"end":{"line":9,"column":27}},"5":{"start":{"line":13,"column":4},"end":{"line":13,"column":50}},"6":{"start":{"line":17,"column":0},"end":{"line":17,"column":39}}},"fnMap":{"0":{"name":"(anonymous_1)","decl":{"start":{"line":8,"column":2},"end":{"line":8,"column":null}},"loc":{"start":{"line":8,"column":2},"end":{"line":10,"column":3}}},"1":{"name":"(anonymous_2)","decl":{"start":{"line":12,"column":2},"end":{"line":12,"column":17}},"loc":{"start":{"line":12,"column":17},"end":{"line":14,"column":3}}}},"branchMap":{},"s":{"0":1,"1":1,"2":1,"3":1,"4":1,"5":1,"6":1},"f":{"0":1,"1":1},"b":{}}
,"D:\\GarageNodeTs\\src\\routes\\index.ts": {"path":"D:\\GarageNodeTs\\src\\routes\\index.ts","statementMap":{"0":{"start":{"line":2,"column":0},"end":{"line":2,"column":39}},"1":{"start":{"line":3,"column":0},"end":{"line":3,"column":47}},"2":{"start":{"line":4,"column":0},"end":{"line":4,"column":43}},"3":{"start":{"line":8,"column":4},"end":{"line":8,"column":41}},"4":{"start":{"line":9,"column":4},"end":{"line":9,"column":32}},"5":{"start":{"line":10,"column":4},"end":{"line":10,"column":46}},"6":{"start":{"line":6,"column":0},"end":{"line":6,"column":21}}},"fnMap":{"0":{"name":"(anonymous_1)","decl":{"start":{"line":7,"column":2},"end":{"line":7,"column":14}},"loc":{"start":{"line":7,"column":30},"end":{"line":11,"column":3}}}},"branchMap":{},"s":{"0":1,"1":1,"2":1,"3":1,"4":1,"5":1,"6":1},"f":{"0":1},"b":{}}
,"D:\\GarageNodeTs\\src\\routes\\tutorial.routes.ts": {"path":"D:\\GarageNodeTs\\src\\routes\\tutorial.routes.ts","statementMap":{"0":{"start":{"line":1,"column":0},"end":{"line":1,"column":33}},"1":{"start":{"line":2,"column":0},"end":{"line":2,"column":68}},"2":{"start":{"line":5,"column":2},"end":{"line":5,"column":20}},"3":{"start":{"line":6,"column":2},"end":{"line":6,"column":40}},"4":{"start":{"line":9,"column":4},"end":{"line":9,"column":27}},"5":{"start":{"line":14,"column":4},"end":{"line":14,"column":50}},"6":{"start":{"line":17,"column":4},"end":{"line":17,"column":50}},"7":{"start":{"line":20,"column":4},"end":{"line":20,"column":53}},"8":{"start":{"line":23,"column":4},"end":{"line":23,"column":52}},"9":{"start":{"line":26,"column":4},"end":{"line":26,"column":55}},"10":{"start":{"line":30,"column":0},"end":{"line":30,"column":43}}},"fnMap":{"0":{"name":"(anonymous_1)","decl":{"start":{"line":8,"column":2},"end":{"line":8,"column":null}},"loc":{"start":{"line":8,"column":2},"end":{"line":10,"column":3}}},"1":{"name":"(anonymous_2)","decl":{"start":{"line":12,"column":2},"end":{"line":12,"column":17}},"loc":{"start":{"line":12,"column":17},"end":{"line":27,"column":3}}}},"branchMap":{},"s":{"0":1,"1":1,"2":1,"3":1,"4":1,"5":1,"6":1,"7":1,"8":1,"9":1,"10":1},"f":{"0":1,"1":1},"b":{}}
,"D:\\GarageNodeTs\\src\\utils\\garageUtils.ts": {"path":"D:\\GarageNodeTs\\src\\utils\\garageUtils.ts","statementMap":{"0":{"start":{"line":1,"column":0},"end":{"line":1,"column":46}},"1":{"start":{"line":6,"column":8},"end":{"line":29,"column":9}},"2":{"start":{"line":7,"column":27},"end":{"line":22,"column":14}},"3":{"start":{"line":24,"column":32},"end":{"line":24,"column":51}},"4":{"start":{"line":25,"column":12},"end":{"line":25,"column":31}},"5":{"start":{"line":28,"column":12},"end":{"line":28,"column":31}},"6":{"start":{"line":4,"column":0},"end":{"line":4,"column":21}}},"fnMap":{"0":{"name":"(anonymous_8)","decl":{"start":{"line":5,"column":10},"end":{"line":5,"column":23}},"loc":{"start":{"line":5,"column":47},"end":{"line":30,"column":6}}}},"branchMap":{},"s":{"0":1,"1":6,"2":6,"3":6,"4":1,"5":5,"6":1},"f":{"0":6},"b":{}}
}
