TN:
SF:src\index.ts
FN:8,(anonymous_8)
FN:14,(anonymous_9)
FN:27,(anonymous_10)
FN:32,(anonymous_11)
FN:32,(anonymous_12)
FN:35,(anonymous_13)
FN:36,(anonymous_14)
FN:44,(anonymous_15)
FN:49,(anonymous_16)
FNF:9
FNH:6
FNDA:1,(anonymous_8)
FNDA:1,(anonymous_9)
FNDA:1,(anonymous_10)
FNDA:1,(anonymous_11)
FNDA:1,(anonymous_12)
FNDA:1,(anonymous_13)
FNDA:0,(anonymous_14)
FNDA:0,(anonymous_15)
FNDA:0,(anonymous_16)
DA:1,1
DA:2,1
DA:3,1
DA:4,1
DA:5,1
DA:7,1
DA:9,1
DA:10,1
DA:11,1
DA:15,1
DA:19,1
DA:20,1
DA:21,1
DA:22,1
DA:23,1
DA:30,1
DA:32,1
DA:33,1
DA:35,1
DA:37,0
DA:38,0
DA:43,1
DA:44,1
DA:45,0
DA:51,0
LF:25
LH:21
BRF:0
BRH:0
end_of_record
TN:
SF:src\server.ts
FN:9,(anonymous_1)
FN:12,(anonymous_2)
FNF:2
FNH:0
FNDA:0,(anonymous_1)
FNDA:0,(anonymous_2)
DA:1,0
DA:2,0
DA:4,0
DA:5,0
DA:6,0
DA:8,0
DA:10,0
DA:13,0
DA:14,0
DA:16,0
LF:10
LH:0
BRDA:6,0,0,0
BRDA:6,0,1,0
BRDA:13,1,0,0
BRDA:13,1,1,0
BRF:4
BRH:0
end_of_record
TN:
SF:src\config\index.ts
FNF:0
FNH:0
DA:1,1
LF:1
LH:1
BRF:0
BRH:0
end_of_record
TN:
SF:src\controllers\garage.controller.ts
FN:10,(anonymous_8)
FN:30,(anonymous_10)
FN:43,(anonymous_12)
FN:51,(anonymous_14)
FN:51,(anonymous_15)
FN:52,(anonymous_16)
FN:69,(anonymous_17)
FN:90,(anonymous_19)
FN:103,(anonymous_21)
FN:115,(anonymous_23)
FN:128,(anonymous_25)
FN:142,(anonymous_27)
FNF:12
FNH:7
FNDA:1,(anonymous_8)
FNDA:1,(anonymous_10)
FNDA:1,(anonymous_12)
FNDA:5,(anonymous_14)
FNDA:5,(anonymous_15)
FNDA:40,(anonymous_16)
FNDA:1,(anonymous_17)
FNDA:0,(anonymous_19)
FNDA:0,(anonymous_21)
FNDA:0,(anonymous_23)
FNDA:0,(anonymous_25)
FNDA:0,(anonymous_27)
DA:2,1
DA:3,1
DA:5,1
DA:6,1
DA:9,1
DA:12,1
DA:13,1
DA:14,1
DA:15,1
DA:17,0
DA:24,0
DA:25,0
DA:31,1
DA:32,1
DA:33,1
DA:36,0
DA:37,0
DA:44,1
DA:45,1
DA:46,1
DA:49,1
DA:51,5
DA:52,40
DA:53,5
DA:54,5
DA:57,1
DA:62,0
DA:63,0
DA:70,1
DA:71,1
DA:72,1
DA:73,1
DA:74,1
DA:78,0
DA:85,0
DA:86,0
DA:91,0
DA:92,0
DA:97,0
DA:104,0
DA:105,0
DA:109,0
DA:116,0
DA:117,0
DA:122,0
DA:129,0
DA:130,0
DA:136,0
DA:143,0
DA:144,0
DA:149,0
LF:51
LH:26
BRDA:14,0,0,1
BRDA:14,0,1,0
BRDA:53,1,0,5
BRDA:73,2,0,1
BRDA:73,2,1,0
BRF:5
BRH:3
end_of_record
TN:
SF:src\controllers\home.controller.ts
FN:4,(anonymous_7)
FNF:1
FNH:0
FNDA:0,(anonymous_7)
DA:3,1
DA:5,0
LF:2
LH:1
BRF:0
BRH:0
end_of_record
TN:
SF:src\controllers\tutorial.controller.ts
FN:4,(anonymous_7)
FN:17,(anonymous_9)
FN:29,(anonymous_11)
FN:42,(anonymous_13)
FN:56,(anonymous_15)
FNF:5
FNH:0
FNDA:0,(anonymous_7)
FNDA:0,(anonymous_9)
FNDA:0,(anonymous_11)
FNDA:0,(anonymous_13)
FNDA:0,(anonymous_15)
DA:3,1
DA:5,0
DA:6,0
DA:11,0
DA:18,0
DA:19,0
DA:23,0
DA:30,0
DA:31,0
DA:36,0
DA:43,0
DA:44,0
DA:50,0
DA:57,0
DA:58,0
DA:63,0
LF:16
LH:1
BRF:0
BRH:0
end_of_record
TN:
SF:src\models\GarageItem.ts
FNF:0
FNH:0
DA:1,1
DA:4,1
DA:65,1
DA:66,1
LF:4
LH:4
BRF:0
BRH:0
end_of_record
TN:
SF:src\routes\garage.routes.ts
FN:8,(anonymous_1)
FN:12,(anonymous_2)
FNF:2
FNH:2
FNDA:1,(anonymous_1)
FNDA:1,(anonymous_2)
DA:1,1
DA:2,1
DA:5,1
DA:6,1
DA:9,1
DA:14,1
DA:18,1
DA:21,1
DA:24,1
DA:37,1
LF:10
LH:10
BRF:0
BRH:0
end_of_record
TN:
SF:src\routes\home.routes.ts
FN:8,(anonymous_1)
FN:12,(anonymous_2)
FNF:2
FNH:2
FNDA:1,(anonymous_1)
FNDA:1,(anonymous_2)
DA:1,1
DA:2,1
DA:5,1
DA:6,1
DA:9,1
DA:13,1
DA:17,1
LF:7
LH:7
BRF:0
BRH:0
end_of_record
TN:
SF:src\routes\index.ts
FN:7,(anonymous_1)
FNF:1
FNH:1
FNDA:1,(anonymous_1)
DA:2,1
DA:3,1
DA:4,1
DA:6,1
DA:8,1
DA:9,1
DA:10,1
LF:7
LH:7
BRF:0
BRH:0
end_of_record
TN:
SF:src\routes\tutorial.routes.ts
FN:8,(anonymous_1)
FN:12,(anonymous_2)
FNF:2
FNH:2
FNDA:1,(anonymous_1)
FNDA:1,(anonymous_2)
DA:1,1
DA:2,1
DA:5,1
DA:6,1
DA:9,1
DA:14,1
DA:17,1
DA:20,1
DA:23,1
DA:26,1
DA:30,1
LF:11
LH:11
BRF:0
BRH:0
end_of_record
TN:
SF:src\utils\garageUtils.ts
FN:5,(anonymous_8)
FNF:1
FNH:1
FNDA:6,(anonymous_8)
DA:1,1
DA:4,1
DA:6,6
DA:7,6
DA:24,6
DA:25,1
DA:28,5
LF:7
LH:7
BRF:0
BRH:0
end_of_record
